<?xml version="1.0" encoding="UTF-8"?>
<testng-results skipped="0" failed="1" ignored="5" total="8" passed="2">
  <reporter-output>
    <line>
      <![CDATA[<br>Test FAILED : Attached FAILING Test Screenshot.<br>]]>
    </line>
    <line>
      <![CDATA[<br>]]>
    </line>
    <line>
      <![CDATA[<br>]]>
    </line>
  </reporter-output>
  <suite name="End2EndMvnJnkTestingSuite" duration-ms="328" started-at="2017-07-15T06:53:10Z" finished-at="2017-07-15T06:53:10Z">
    <groups>
    </groups>
    <test name="LoginTest" duration-ms="7" started-at="2017-07-15T06:53:10Z" finished-at="2017-07-15T06:53:10Z">
    </test> <!-- LoginTest -->
    <test name="NewMemberTest" duration-ms="1" started-at="2017-07-15T06:53:10Z" finished-at="2017-07-15T06:53:10Z">
    </test> <!-- NewMemberTest -->
    <test name="MultiBrowserTest" duration-ms="288" started-at="2017-07-15T06:53:10Z" finished-at="2017-07-15T06:53:10Z">
      <class name="com.fanniemae.testcases.multiBrowsers">
        <test-method status="PASS" signature="ChromeHomePage()[pri:0, instance:com.fanniemae.testcases.multiBrowsers@2ddc8ecb]" name="ChromeHomePage" duration-ms="8" started-at="2017-07-15T02:53:10Z" finished-at="2017-07-15T02:53:10Z">
          <reporter-output>
          </reporter-output>
        </test-method> <!-- ChromeHomePage -->
        <test-method status="PASS" signature="FirefoxHomePage()[pri:0, instance:com.fanniemae.testcases.multiBrowsers@2ddc8ecb]" name="FirefoxHomePage" duration-ms="1" started-at="2017-07-15T02:53:10Z" finished-at="2017-07-15T02:53:10Z">
          <reporter-output>
          </reporter-output>
        </test-method> <!-- FirefoxHomePage -->
        <test-method status="FAIL" signature="IEHomePage()[pri:0, instance:com.fanniemae.testcases.multiBrowsers@2ddc8ecb]" name="IEHomePage" duration-ms="3" started-at="2017-07-15T02:53:10Z" finished-at="2017-07-15T02:53:10Z">
          <exception class="java.lang.AssertionError">
            <message>
              <![CDATA[IEHomePage FORCIBLY FAIL for Listeners]]>
            </message>
            <full-stacktrace>
              <![CDATA[java.lang.AssertionError: IEHomePage FORCIBLY FAIL for Listeners
	at org.testng.Assert.fail(Assert.java:94)
	at com.fanniemae.testcases.multiBrowsers.IEHomePage(multiBrowsers.java:67)
	at sun.reflect.NativeMethodAccessorImpl.invoke0(Native Method)
	at sun.reflect.NativeMethodAccessorImpl.invoke(NativeMethodAccessorImpl.java:62)
	at sun.reflect.DelegatingMethodAccessorImpl.invoke(DelegatingMethodAccessorImpl.java:43)
	at java.lang.reflect.Method.invoke(Method.java:498)
	at org.testng.internal.MethodInvocationHelper.invokeMethod(MethodInvocationHelper.java:104)
	at org.testng.internal.Invoker.invokeMethod(Invoker.java:645)
	at org.testng.internal.Invoker.invokeTestMethod(Invoker.java:851)
	at org.testng.internal.Invoker.invokeTestMethods(Invoker.java:1177)
	at org.testng.internal.TestMethodWorker.invokeTestMethods(TestMethodWorker.java:129)
	at org.testng.internal.TestMethodWorker.run(TestMethodWorker.java:112)
	at org.testng.TestRunner.privateRun(TestRunner.java:756)
	at org.testng.TestRunner.run(TestRunner.java:610)
	at org.testng.SuiteRunner.runTest(SuiteRunner.java:387)
	at org.testng.SuiteRunner.runSequentially(SuiteRunner.java:382)
	at org.testng.SuiteRunner.privateRun(SuiteRunner.java:340)
	at org.testng.SuiteRunner.run(SuiteRunner.java:289)
	at org.testng.SuiteRunnerWorker.runSuite(SuiteRunnerWorker.java:52)
	at org.testng.SuiteRunnerWorker.run(SuiteRunnerWorker.java:86)
	at org.testng.TestNG.runSuitesSequentially(TestNG.java:1293)
	at org.testng.TestNG.runSuitesLocally(TestNG.java:1218)
	at org.testng.TestNG.runSuites(TestNG.java:1133)
	at org.testng.TestNG.run(TestNG.java:1104)
	at org.testng.remote.AbstractRemoteTestNG.run(AbstractRemoteTestNG.java:132)
	at org.testng.remote.RemoteTestNG.initAndRun(RemoteTestNG.java:236)
	at org.testng.remote.RemoteTestNG.main(RemoteTestNG.java:81)
]]>
            </full-stacktrace>
          </exception> <!-- java.lang.AssertionError -->
          <reporter-output>
            <line>
              <![CDATA[<br>Test FAILED : Attached FAILING Test Screenshot.<br>]]>
            </line>
            <line>
              <![CDATA[<br>]]>
            </line>
            <line>
              <![CDATA[<br>]]>
            </line>
          </reporter-output>
        </test-method> <!-- IEHomePage -->
      </class> <!-- com.fanniemae.testcases.multiBrowsers -->
      <class name="com.fanniemae.testcases.SDET_NewMember_TestCase">
        <test-method status="PASS" signature="setUp()[pri:0, instance:com.fanniemae.testcases.SDET_NewMember_TestCase@4278a03f]" name="setUp" is-config="true" duration-ms="5524" started-at="2017-07-15T02:53:05Z" finished-at="2017-07-15T02:53:10Z">
          <reporter-output>
          </reporter-output>
        </test-method> <!-- setUp -->
        <test-method status="PASS" signature="tearDown()[pri:0, instance:com.fanniemae.testcases.SDET_NewMember_TestCase@4278a03f]" name="tearDown" is-config="true" duration-ms="902" started-at="2017-07-15T02:53:10Z" finished-at="2017-07-15T02:53:11Z">
          <reporter-output>
          </reporter-output>
        </test-method> <!-- tearDown -->
      </class> <!-- com.fanniemae.testcases.SDET_NewMember_TestCase -->
    </test> <!-- MultiBrowserTest -->
  </suite> <!-- End2EndMvnJnkTestingSuite -->
</testng-results>
